#
# There is insufficient memory for the Java Runtime Environment to continue.
# Native memory allocation (mmap) failed to map 536870912 bytes for G1 virtual space
# Possible reasons:
#   The system is out of physical RAM or swap space
#   The process is running with CompressedOops enabled, and the Java Heap may be blocking the growth of the native heap
# Possible solutions:
#   Reduce memory load on the system
#   Increase physical memory or swap space
#   Check if swap backing store is full
#   Decrease Java heap size (-Xmx/-Xms)
#   Decrease number of Java threads
#   Decrease Java thread stack sizes (-Xss)
#   Set larger code cache with -XX:ReservedCodeCacheSize=
#   JVM is running with Zero Based Compressed Oops mode in which the Java heap is
#     placed in the first 32GB address space. The Java Heap base address is the
#     maximum limit for the native heap growth. Please use -XX:HeapBaseMinAddress
#     to set the Java Heap base and to place the Java Heap above 32GB virtual address.
# This output file may be truncated or incomplete.
#
#  Out of Memory Error (./open/src/hotspot/os/windows/os_windows.cpp:3472), pid=14736, tid=10688
#
# JRE version:  (15.0.1+9) (build )
# Java VM: Java HotSpot(TM) 64-Bit Server VM (15.0.1+9-18, mixed mode, sharing, tiered, compressed oops, g1 gc, windows-amd64)
# No core dump will be written. Minidumps are not enabled by default on client versions of Windows
#

---------------  S U M M A R Y ------------

Command Line: -XX:TieredStopAtLevel=1 -Xverify:none -Dspring.output.ansi.enabled=always -Dcom.sun.management.jmxremote -Dspring.jmx.enabled=true -Dspring.liveBeansView.mbeanDomain -Dspring.application.admin.enabled=true -javaagent:C:\Program Files\JetBrains\IntelliJ IDEA 2020.1\lib\idea_rt.jar=64043:C:\Program Files\JetBrains\IntelliJ IDEA 2020.1\bin -Dfile.encoding=UTF-8 com.test.message.MessageApplication

Host: Intel(R) Core(TM) i7-8565U CPU @ 1.80GHz, 8 cores, 31G,  Windows 10 , 64 bit Build 19041 (10.0.19041.1023)
Time: Wed Aug 11 15:03:53 2021 SE Asia Standard Time elapsed time: 0.023900 seconds (0d 0h 0m 0s)

---------------  T H R E A D  ---------------

Current thread (0x000001bd22bdd600):  JavaThread "Unknown thread" [_thread_in_vm, id=10688, stack(0x0000008e9b700000,0x0000008e9b800000)]

Stack: [0x0000008e9b700000,0x0000008e9b800000]
Native frames: (J=compiled Java code, j=interpreted, Vv=VM code, C=native code)
V  [jvm.dll+0x62ae9a]
V  [jvm.dll+0x781389]
V  [jvm.dll+0x782ae3]
V  [jvm.dll+0x783143]
V  [jvm.dll+0x216265]
V  [jvm.dll+0x6281d9]
V  [jvm.dll+0x61cd15]
V  [jvm.dll+0x2d01fd]
V  [jvm.dll+0x2d0062]
V  [jvm.dll+0x2d603c]
V  [jvm.dll+0x325b2a]
V  [jvm.dll+0x3251f4]
V  [jvm.dll+0x2a717a]
V  [jvm.dll+0x2a8318]
V  [jvm.dll+0x75e101]
V  [jvm.dll+0x3343e4]
V  [jvm.dll+0x73e826]
V  [jvm.dll+0x3b7777]
V  [jvm.dll+0x3b9201]
C  [jli.dll+0x52fb]
C  [ucrtbase.dll+0x21bb2]
C  [KERNEL32.DLL+0x17034]
C  [ntdll.dll+0x52651]


---------------  P R O C E S S  ---------------

Threads class SMR info:
_java_thread_list=0x00007ff8ae364ff0, length=0, elements={
}

Java Threads: ( => current thread )

Other Threads:
  0x000001bd22c52e60 GCTaskThread "GC Thread#0" [stack: 0x0000008e9b800000,0x0000008e9b900000] [id=16624]
  0x000001bd22c63eb0 ConcurrentGCThread "G1 Main Marker" [stack: 0x0000008e9b900000,0x0000008e9ba00000] [id=6872]
  0x000001bd22c64aa0 ConcurrentGCThread "G1 Conc#0" [stack: 0x0000008e9ba00000,0x0000008e9bb00000] [id=16572]

[error occurred during error reporting (printing all threads), id 0xc0000005, EXCEPTION_ACCESS_VIOLATION (0xc0000005) at pc=0x00007ff8adb58047]

VM state: not at safepoint (not fully initialized)

VM Mutex/Monitor currently owned by a thread:  ([mutex/lock_event])
[0x000001bd22bd8400] Heap_lock - owner thread: 0x000001bd22bdd600

Heap address: 0x0000000602000000, size: 8160 MB, Compressed Oops mode: Zero based, Oop shift amount: 3
CDS archive(s) mapped at: [0x0000000000000000-0x0000000000000000-0x0000000000000000), size 0, SharedBaseAddress: 0x0000000800000000, ArchiveRelocationMode: 0.
Narrow klass base: 0x0000000000000000, Narrow klass shift: 0, Narrow klass range: 0x0

Heap:
 garbage-first heap   total 524288K, used 0K [0x0000000602000000, 0x0000000800000000)
  region size 4096K, 0 young (0K), 0 survivors (0K)
 Metaspace       used 0K, capacity 0K, committed 0K, reserved 0K
  class space    used 0K, capacity 0K, committed 0K, reserved 0K

Heap Regions: E=young(eden), S=young(survivor), O=old, HS=humongous(starts), HC=humongous(continues), CS=collection set, F=free, OA=open archive, CA=closed archive, TAMS=top-at-mark-start (previous, next)

Card table byte_map: [0x000001bd3d050000,0x000001bd3e040000] _byte_map_base: 0x000001bd3a040000

Marking Bits (Prev, Next): (CMBitMap*) 0x000001bd22c53650, (CMBitMap*) 0x000001bd22c53690
 Prev Bits: [0x000001bd3f030000, 0x000001bd46fb0000)
 Next Bits: [0x000001bd46fb0000, 0x000001bd4ef30000)

GC Heap History (0 events):
No events

Deoptimization events (0 events):
No events

Classes unloaded (0 events):
No events

Classes redefined (0 events):
No events

Internal exceptions (0 events):
No events

Events (1 events):
Event: 0.018 Loaded shared library C:\Program Files\Java\jdk-15.0.1\bin\java.dll


Dynamic libraries:
0x00007ff7ae5e0000 - 0x00007ff7ae5ef000 	C:\Program Files\Java\jdk-15.0.1\bin\java.exe
0x00007ff915530000 - 0x00007ff915725000 	C:\WINDOWS\SYSTEM32\ntdll.dll
0x00007ff9137e0000 - 0x00007ff91389d000 	C:\WINDOWS\System32\KERNEL32.DLL
0x00007ff9130f0000 - 0x00007ff9133b9000 	C:\WINDOWS\System32\KERNELBASE.dll
0x00007ff912c70000 - 0x00007ff912d70000 	C:\WINDOWS\System32\ucrtbase.dll
0x00007ff8ff8c0000 - 0x00007ff8ff8d8000 	C:\Program Files\Java\jdk-15.0.1\bin\jli.dll
0x00007ff914140000 - 0x00007ff9141ec000 	C:\WINDOWS\System32\ADVAPI32.dll
0x00007ff914f80000 - 0x00007ff91501e000 	C:\WINDOWS\System32\msvcrt.dll
0x00007ff914cf0000 - 0x00007ff914d8b000 	C:\WINDOWS\System32\sechost.dll
0x00007ff914d90000 - 0x00007ff914eba000 	C:\WINDOWS\System32\RPCRT4.dll
0x00007ff913640000 - 0x00007ff9137e0000 	C:\WINDOWS\System32\USER32.dll
0x00007ff9133c0000 - 0x00007ff9133e2000 	C:\WINDOWS\System32\win32u.dll
0x00007ff8fcd10000 - 0x00007ff8fcfaa000 	C:\WINDOWS\WinSxS\amd64_microsoft.windows.common-controls_6595b64144ccf1df_6.0.19041.1110_none_60b5254171f9507e\COMCTL32.dll
0x00007ff913c00000 - 0x00007ff913c2a000 	C:\WINDOWS\System32\GDI32.dll
0x00007ff9133f0000 - 0x00007ff9134fb000 	C:\WINDOWS\System32\gdi32full.dll
0x00007ff913500000 - 0x00007ff91359d000 	C:\WINDOWS\System32\msvcp_win.dll
0x00007ff8ff300000 - 0x00007ff8ff319000 	C:\Program Files\Java\jdk-15.0.1\bin\VCRUNTIME140.dll
0x00007ff909b30000 - 0x00007ff909b3a000 	C:\WINDOWS\SYSTEM32\VERSION.dll
0x00007ff913600000 - 0x00007ff913630000 	C:\WINDOWS\System32\IMM32.DLL
0x00007ff9004e0000 - 0x00007ff9004ec000 	C:\Program Files\Java\jdk-15.0.1\bin\vcruntime140_1.dll
0x00007ff8c23a0000 - 0x00007ff8c2431000 	C:\Program Files\Java\jdk-15.0.1\bin\msvcp140.dll
0x00007ff8ad8a0000 - 0x00007ff8ae3fe000 	C:\Program Files\Java\jdk-15.0.1\bin\server\jvm.dll
0x00007ff914b80000 - 0x00007ff914b88000 	C:\WINDOWS\System32\PSAPI.DLL
0x00007ff8eeaa0000 - 0x00007ff8eeaa9000 	C:\WINDOWS\SYSTEM32\WSOCK32.dll
0x00007ff8eecb0000 - 0x00007ff8eecd7000 	C:\WINDOWS\SYSTEM32\WINMM.dll
0x00007ff9143d0000 - 0x00007ff91443b000 	C:\WINDOWS\System32\WS2_32.dll
0x00007ff911570000 - 0x00007ff911582000 	C:\WINDOWS\SYSTEM32\kernel.appcore.dll
0x00007ff8ffc00000 - 0x00007ff8ffc0a000 	C:\Program Files\Java\jdk-15.0.1\bin\jimage.dll
0x00007ff90da10000 - 0x00007ff90dbf4000 	C:\WINDOWS\SYSTEM32\DBGHELP.DLL
0x00007ff8ee850000 - 0x00007ff8ee87c000 	C:\WINDOWS\SYSTEM32\dbgcore.DLL
0x00007ff912d70000 - 0x00007ff912df3000 	C:\WINDOWS\System32\bcryptPrimitives.dll
0x00007ff9083e0000 - 0x00007ff9083ee000 	C:\Program Files\Java\jdk-15.0.1\bin\instrument.dll
0x00007ff8fe3e0000 - 0x00007ff8fe405000 	C:\Program Files\Java\jdk-15.0.1\bin\java.dll

dbghelp: loaded successfully - version: 4.0.5 - missing functions: none
symbol engine: initialized successfully - sym options: 0x614 - pdb path: .;C:\Program Files\Java\jdk-15.0.1\bin;C:\WINDOWS\SYSTEM32;C:\WINDOWS\WinSxS\amd64_microsoft.windows.common-controls_6595b64144ccf1df_6.0.19041.1110_none_60b5254171f9507e;C:\Program Files\Java\jdk-15.0.1\bin\server

VM Arguments:
jvm_args: -XX:TieredStopAtLevel=1 -Xverify:none -Dspring.output.ansi.enabled=always -Dcom.sun.management.jmxremote -Dspring.jmx.enabled=true -Dspring.liveBeansView.mbeanDomain -Dspring.application.admin.enabled=true -javaagent:C:\Program Files\JetBrains\IntelliJ IDEA 2020.1\lib\idea_rt.jar=64043:C:\Program Files\JetBrains\IntelliJ IDEA 2020.1\bin -Dfile.encoding=UTF-8 
java_command: com.test.message.MessageApplication
java_class_path (initial): D:\ravuthz\projects\JavaProjects\message\target\classes;C:\Users\ravuthz\.m2\repository\org\springframework\boot\spring-boot-starter-amqp\2.5.3\spring-boot-starter-amqp-2.5.3.jar;C:\Users\ravuthz\.m2\repository\org\springframework\boot\spring-boot-starter\2.5.3\spring-boot-starter-2.5.3.jar;C:\Users\ravuthz\.m2\repository\org\springframework\boot\spring-boot\2.5.3\spring-boot-2.5.3.jar;C:\Users\ravuthz\.m2\repository\org\springframework\boot\spring-boot-autoconfigure\2.5.3\spring-boot-autoconfigure-2.5.3.jar;C:\Users\ravuthz\.m2\repository\org\springframework\boot\spring-boot-starter-logging\2.5.3\spring-boot-starter-logging-2.5.3.jar;C:\Users\ravuthz\.m2\repository\ch\qos\logback\logback-classic\1.2.4\logback-classic-1.2.4.jar;C:\Users\ravuthz\.m2\repository\ch\qos\logback\logback-core\1.2.4\logback-core-1.2.4.jar;C:\Users\ravuthz\.m2\repository\org\apache\logging\log4j\log4j-to-slf4j\2.14.1\log4j-to-slf4j-2.14.1.jar;C:\Users\ravuthz\.m2\repository\org\apache\logging\log4j\log4j-api\2.14.1\log4j-api-2.14.1.jar;C:\Users\ravuthz\.m2\repository\org\slf4j\jul-to-slf4j\1.7.32\jul-to-slf4j-1.7.32.jar;C:\Users\ravuthz\.m2\repository\org\yaml\snakeyaml\1.28\snakeyaml-1.28.jar;C:\Users\ravuthz\.m2\repository\org\springframework\spring-messaging\5.3.9\spring-messaging-5.3.9.jar;C:\Users\ravuthz\.m2\repository\org\springframework\spring-beans\5.3.9\spring-beans-5.3.9.jar;C:\Users\ravuthz\.m2\repository\org\springframework\amqp\spring-rabbit\2.3.10\spring-rabbit-2.3.10.jar;C:\Users\ravuthz\.m2\repository\org\springframework\amqp\spring-amqp\2.3.10\spring-amqp-2.3.10.jar;C:\Users\ravuthz\.m2\repository\org\springframework\retry\spring-retry\1.3.1\spring-retry-1.3.1.jar;C:\Users\ravuthz\.m2\repository\javax\annotation\javax.annotation-api\1.3.2\javax.annotation-api-1.3.2.jar;C:\Users\ravuthz\.m2\repository\com\rabbitmq\amqp-client\5.12.0\amqp-client-5.12.0.jar;C:\Users\ravuthz\.m2\repository\org\springframework\spring-context\5.3.9\spring-context-5.3
Launcher Type: SUN_STANDARD

[Global flags]
     intx CICompilerCount                          = 4                                         {product} {ergonomic}
     uint ConcGCThreads                            = 2                                         {product} {ergonomic}
     uint G1ConcRefinementThreads                  = 8                                         {product} {ergonomic}
   size_t G1HeapRegionSize                         = 4194304                                   {product} {ergonomic}
    uintx GCDrainStackTargetSize                   = 64                                        {product} {ergonomic}
   size_t InitialHeapSize                          = 536870912                                 {product} {ergonomic}
     bool ManagementServer                         = true                                      {product} {command line}
   size_t MarkStackSize                            = 4194304                                   {product} {ergonomic}
   size_t MaxHeapSize                              = 8556380160                                {product} {ergonomic}
   size_t MinHeapDeltaBytes                        = 4194304                                   {product} {ergonomic}
   size_t MinHeapSize                              = 8388608                                   {product} {ergonomic}
    uintx NonNMethodCodeHeapSize                   = 7549744                                {pd product} {ergonomic}
    uintx NonProfiledCodeHeapSize                  = 244108496                              {pd product} {ergonomic}
    uintx ProfiledCodeHeapSize                     = 0                                      {pd product} {ergonomic}
    uintx ReservedCodeCacheSize                    = 251658240                              {pd product} {ergonomic}
     bool SegmentedCodeCache                       = true                                      {product} {ergonomic}
   size_t SoftMaxHeapSize                          = 8556380160                             {manageable} {ergonomic}
     intx TieredStopAtLevel                        = 1                                         {product} {command line}
     bool UseCompressedClassPointers               = true                                 {lp64_product} {ergonomic}
     bool UseCompressedOops                        = true                                 {lp64_product} {ergonomic}
     bool UseG1GC                                  = true                                      {product} {ergonomic}
     bool UseLargePagesIndividualAllocation        = false                                  {pd product} {ergonomic}

Logging:
Log output configuration:
 #0: stdout all=warning uptime,level,tags
 #1: stderr all=off uptime,level,tags

Environment Variables:
JAVA_HOME=C:\Program Files\Java\jdk1.8.0_211
PATH=C:\Program Files\Common Files\Oracle\Java\javapath;C:\ProgramData\DockerDesktop\version-bin;C:\Program Files\Docker\Docker\Resources\bin;C:\Program Files\Python37\Scripts\;C:\Program Files\Python37\;C:\Program Files\Microsoft MPI\Bin\;C:\WINDOWS\system32;C:\WINDOWS;C:\WINDOWS\System32\Wbem;C:\WINDOWS\System32\WindowsPowerShell\v1.0\;C:\WINDOWS\System32\OpenSSH\;C:\Program Files\Git\cmd;C:\Program Files\Microsoft SQL Server\Client SDK\ODBC\130\Tools\Binn\;C:\Program Files (x86)\Microsoft SQL Server\140\Tools\Binn\;C:\Program Files\Microsoft SQL Server\140\Tools\Binn\;C:\Program Files\Microsoft SQL Server\140\DTS\Binn\;C:\Program Files (x86)\Microsoft SQL Server\150\DTS\Binn\;C:\Program Files\Microsoft SQL Server\110\Tools\Binn\;D:\apps\apache-maven-3.6.1\bin;C:\Program Files\PuTTY\;C:\Program Files\Amazon\AWSCLIV2\;C:\Other\;C:\Program Files\Microsoft VS Code\bin;C:\Program Files (x86)\GnuWin32\bin;C:\Other\nvm;C:\Program Files\nodejs;C:\Program Files\PostgreSQL\11\bin;C:\ProgramData\chocolatey\bin;C:\Users\ravuthz\AppData\Roaming\Composer\vendor\bin;C:\Other\laragon;C:\Other\laragon\bin\php\php-7.4.12-Win32-vc15-x64;C:\Other\keycloak-11.0.3\bin;C:\Program Files\JetBrains\IntelliJ IDEA 2020.1\bin;C:\Other\spring-2.3.3.RELEASE\bin;C:\Other\gradle-6.7.1\bin;C:\Other\wildfly-22.0.0.Final\bin;D:\ravuthz\Work\SSL\PostgreSQL\step_0.15.14\bin;C:\Program Files\Java\jdk1.8.0_211\bin\;C:\Program Files\Microsoft VS Code Insiders\bin;C:\Users\ravuthz\AppData\Local\.bvm;C:\Other\gatling-charts-highcharts-bundle-3.5.1\bin;C:\Users\ravuthz\.ebcli-virtual-env\executables\;C:\Users\ravuthz\AppData\Local\Microsoft\WindowsApps;C:\Program Files\JetBrains\PyCharm 2020.1\bin;C:\Other\nvm;C:\Program Files\nodejs;C:\Program Files\JetBrains\PhpStorm 2020.2.4\bin;C:\Program Files\JetBrains\IntelliJ IDEA 2020.1\bin;C:\Users\ravuthz\AppData\Local\Microsoft\WindowsApps;C:\Program Files\JetBrains\PhpStorm 2020.2.1\bin;;;C:\Users\ravuthz\.ebcli-virtual-env\executables
USERNAME=ravuthz
OS=Windows_NT
PROCESSOR_IDENTIFIER=Intel64 Family 6 Model 142 Stepping 11, GenuineIntel



---------------  S Y S T E M  ---------------

OS:
 Windows 10 , 64 bit Build 19041 (10.0.19041.1023)
OS uptime: 2 days 20:51 hours
HyperV virtualization detected

CPU: total 8 (initial active 8) (4 cores per cpu, 2 threads per core) family 6 model 142 stepping 11 microcode 0xde, cmov, cx8, fxsr, mmx, sse, sse2, sse3, ssse3, sse4.1, sse4.2, popcnt, vzeroupper, avx, avx2, aes, clmul, erms, 3dnowpref, lzcnt, ht, tsc, tscinvbit, bmi1, bmi2, adx, fma, clflush, clflushopt

Memory: 4k page, system-wide physical 32629M (10051M free)
TotalPageFile size 35659M (AvailPageFile size 168M)
current process WorkingSet (physical memory assigned to process): 10M, peak: 10M
current process commit charge ("private bytes"): 58M, peak: 570M

vm_info: Java HotSpot(TM) 64-Bit Server VM (15.0.1+9-18) for windows-amd64 JRE (15.0.1+9-18), built on Sep 15 2020 14:43:54 by "mach5one" with unknown MS VC++:1925

END.
